<?xml version="1.0" encoding="UTF-8"?>
<!-- Generated by org.testng.reporters.JUnitReportReporter -->
<testsuite hostname="LAPTOP-1F11223N" failures="0" tests="2" name="RealProject.FrameworkProject.HomePage" time="30.185" errors="0" timestamp="2021-05-17T15:51:48 IST" skipped="0">
  <testcase classname="RealProject.FrameworkProject.HomePage" name="homepageNavigation" time="19.203"/>
  <system-out/>
  <testcase classname="RealProject.FrameworkProject.HomePage" name="homepageNavigation" time="10.982"/>
  <system-out/>
</testsuite> <!-- RealProject.FrameworkProject.HomePage -->
