<?xml version="1.0" encoding="UTF-8"?>
<!-- Generated by org.testng.reporters.JUnitReportReporter -->
<testsuite hostname="LAPTOP-1F11223N" failures="0" tests="1" name="RealProject.FrameworkProject.Validation" time="0.186" errors="0" timestamp="2021-05-17T15:51:49 IST" skipped="0">
  <testcase classname="RealProject.FrameworkProject.Validation" name="homepageNavigation" time="0.186"/>
  <system-out/>
</testsuite> <!-- RealProject.FrameworkProject.Validation -->
