<?xml version="1.0" encoding="UTF-8"?>
<!-- Generated by org.testng.reporters.JUnitReportReporter -->
<testsuite skipped="0" hostname="LAPTOP-1F11223N" name="RealProject.FrameworkProject.Validation" tests="1" failures="0" timestamp="2021-05-17T14:55:08 IST" time="0.948" errors="0">
  <testcase name="homepageNavigation" time="0.948" classname="RealProject.FrameworkProject.Validation"/>
  <system-out/>
</testsuite> <!-- RealProject.FrameworkProject.Validation -->
